<?xml version="1.0" encoding="UTF-8"?>
<testsuite xmlns:xsi="http://www.w3.org/2001/XMLSchema-instance" xsi:noNamespaceSchemaLocation="https://maven.apache.org/surefire/maven-surefire-plugin/xsd/surefire-test-report.xsd" name="pt.jumia.phonevalidator.controller.InternationalPhoneNumberValidatorControllerIntegrationTest" time="4.563" tests="3" errors="0" skipped="0" failures="3">
  <properties>
    <property name="java.specification.version" value="17"/>
    <property name="sun.jnu.encoding" value="UTF-8"/>
    <property name="java.class.path" value="/home/rivo/studies/internationalPhoneNumberValidator/target/test-classes:/home/rivo/studies/internationalPhoneNumberValidator/target/classes:/root/.m2/repository/org/springframework/boot/spring-boot-starter-web/2.6.3/spring-boot-starter-web-2.6.3.jar:/root/.m2/repository/org/springframework/boot/spring-boot-starter/2.6.3/spring-boot-starter-2.6.3.jar:/root/.m2/repository/org/springframework/boot/spring-boot/2.6.3/spring-boot-2.6.3.jar:/root/.m2/repository/org/springframework/boot/spring-boot-autoconfigure/2.6.3/spring-boot-autoconfigure-2.6.3.jar:/root/.m2/repository/org/springframework/boot/spring-boot-starter-logging/2.6.3/spring-boot-starter-logging-2.6.3.jar:/root/.m2/repository/ch/qos/logback/logback-classic/1.2.10/logback-classic-1.2.10.jar:/root/.m2/repository/ch/qos/logback/logback-core/1.2.10/logback-core-1.2.10.jar:/root/.m2/repository/org/apache/logging/log4j/log4j-to-slf4j/2.17.1/log4j-to-slf4j-2.17.1.jar:/root/.m2/repository/org/apache/logging/log4j/log4j-api/2.17.1/log4j-api-2.17.1.jar:/root/.m2/repository/org/slf4j/jul-to-slf4j/1.7.33/jul-to-slf4j-1.7.33.jar:/root/.m2/repository/jakarta/annotation/jakarta.annotation-api/1.3.5/jakarta.annotation-api-1.3.5.jar:/root/.m2/repository/org/yaml/snakeyaml/1.29/snakeyaml-1.29.jar:/root/.m2/repository/org/springframework/boot/spring-boot-starter-json/2.6.3/spring-boot-starter-json-2.6.3.jar:/root/.m2/repository/com/fasterxml/jackson/core/jackson-databind/2.13.1/jackson-databind-2.13.1.jar:/root/.m2/repository/com/fasterxml/jackson/core/jackson-annotations/2.13.1/jackson-annotations-2.13.1.jar:/root/.m2/repository/com/fasterxml/jackson/core/jackson-core/2.13.1/jackson-core-2.13.1.jar:/root/.m2/repository/com/fasterxml/jackson/datatype/jackson-datatype-jdk8/2.13.1/jackson-datatype-jdk8-2.13.1.jar:/root/.m2/repository/com/fasterxml/jackson/datatype/jackson-datatype-jsr310/2.13.1/jackson-datatype-jsr310-2.13.1.jar:/root/.m2/repository/com/fasterxml/jackson/module/jackson-module-parameter-names/2.13.1/jackson-module-parameter-names-2.13.1.jar:/root/.m2/repository/org/springframework/boot/spring-boot-starter-tomcat/2.6.3/spring-boot-starter-tomcat-2.6.3.jar:/root/.m2/repository/org/apache/tomcat/embed/tomcat-embed-core/9.0.56/tomcat-embed-core-9.0.56.jar:/root/.m2/repository/org/apache/tomcat/embed/tomcat-embed-el/9.0.56/tomcat-embed-el-9.0.56.jar:/root/.m2/repository/org/apache/tomcat/embed/tomcat-embed-websocket/9.0.56/tomcat-embed-websocket-9.0.56.jar:/root/.m2/repository/org/springframework/spring-web/5.3.15/spring-web-5.3.15.jar:/root/.m2/repository/org/springframework/spring-beans/5.3.15/spring-beans-5.3.15.jar:/root/.m2/repository/org/springframework/spring-webmvc/5.3.15/spring-webmvc-5.3.15.jar:/root/.m2/repository/org/springframework/spring-aop/5.3.15/spring-aop-5.3.15.jar:/root/.m2/repository/org/springframework/spring-context/5.3.15/spring-context-5.3.15.jar:/root/.m2/repository/org/springframework/spring-expression/5.3.15/spring-expression-5.3.15.jar:/root/.m2/repository/org/springframework/boot/spring-boot-starter-data-jpa/2.6.3/spring-boot-starter-data-jpa-2.6.3.jar:/root/.m2/repository/org/springframework/boot/spring-boot-starter-aop/2.6.3/spring-boot-starter-aop-2.6.3.jar:/root/.m2/repository/org/aspectj/aspectjweaver/1.9.7/aspectjweaver-1.9.7.jar:/root/.m2/repository/org/springframework/boot/spring-boot-starter-jdbc/2.6.3/spring-boot-starter-jdbc-2.6.3.jar:/root/.m2/repository/com/zaxxer/HikariCP/4.0.3/HikariCP-4.0.3.jar:/root/.m2/repository/org/springframework/spring-jdbc/5.3.15/spring-jdbc-5.3.15.jar:/root/.m2/repository/jakarta/transaction/jakarta.transaction-api/1.3.3/jakarta.transaction-api-1.3.3.jar:/root/.m2/repository/jakarta/persistence/jakarta.persistence-api/2.2.3/jakarta.persistence-api-2.2.3.jar:/root/.m2/repository/org/hibernate/hibernate-core/5.6.4.Final/hibernate-core-5.6.4.Final.jar:/root/.m2/repository/org/jboss/logging/jboss-logging/3.4.3.Final/jboss-logging-3.4.3.Final.jar:/root/.m2/repository/net/bytebuddy/byte-buddy/1.11.22/byte-buddy-1.11.22.jar:/root/.m2/repository/antlr/antlr/2.7.7/antlr-2.7.7.jar:/root/.m2/repository/org/jboss/jandex/2.4.2.Final/jandex-2.4.2.Final.jar:/root/.m2/repository/com/fasterxml/classmate/1.5.1/classmate-1.5.1.jar:/root/.m2/repository/org/hibernate/common/hibernate-commons-annotations/5.1.2.Final/hibernate-commons-annotations-5.1.2.Final.jar:/root/.m2/repository/org/glassfish/jaxb/jaxb-runtime/2.3.5/jaxb-runtime-2.3.5.jar:/root/.m2/repository/org/glassfish/jaxb/txw2/2.3.5/txw2-2.3.5.jar:/root/.m2/repository/com/sun/istack/istack-commons-runtime/3.0.12/istack-commons-runtime-3.0.12.jar:/root/.m2/repository/com/sun/activation/jakarta.activation/1.2.2/jakarta.activation-1.2.2.jar:/root/.m2/repository/org/springframework/data/spring-data-jpa/2.6.1/spring-data-jpa-2.6.1.jar:/root/.m2/repository/org/springframework/data/spring-data-commons/2.6.1/spring-data-commons-2.6.1.jar:/root/.m2/repository/org/springframework/spring-orm/5.3.15/spring-orm-5.3.15.jar:/root/.m2/repository/org/springframework/spring-tx/5.3.15/spring-tx-5.3.15.jar:/root/.m2/repository/org/slf4j/slf4j-api/1.7.33/slf4j-api-1.7.33.jar:/root/.m2/repository/org/springframework/spring-aspects/5.3.15/spring-aspects-5.3.15.jar:/root/.m2/repository/org/projectlombok/lombok/1.18.22/lombok-1.18.22.jar:/root/.m2/repository/org/springframework/boot/spring-boot-starter-test/2.6.3/spring-boot-starter-test-2.6.3.jar:/root/.m2/repository/org/springframework/boot/spring-boot-test/2.6.3/spring-boot-test-2.6.3.jar:/root/.m2/repository/org/springframework/boot/spring-boot-test-autoconfigure/2.6.3/spring-boot-test-autoconfigure-2.6.3.jar:/root/.m2/repository/com/jayway/jsonpath/json-path/2.6.0/json-path-2.6.0.jar:/root/.m2/repository/net/minidev/json-smart/2.4.7/json-smart-2.4.7.jar:/root/.m2/repository/net/minidev/accessors-smart/2.4.7/accessors-smart-2.4.7.jar:/root/.m2/repository/org/ow2/asm/asm/9.1/asm-9.1.jar:/root/.m2/repository/jakarta/xml/bind/jakarta.xml.bind-api/2.3.3/jakarta.xml.bind-api-2.3.3.jar:/root/.m2/repository/jakarta/activation/jakarta.activation-api/1.2.2/jakarta.activation-api-1.2.2.jar:/root/.m2/repository/org/assertj/assertj-core/3.21.0/assertj-core-3.21.0.jar:/root/.m2/repository/org/hamcrest/hamcrest/2.2/hamcrest-2.2.jar:/root/.m2/repository/org/junit/jupiter/junit-jupiter/5.8.2/junit-jupiter-5.8.2.jar:/root/.m2/repository/org/junit/jupiter/junit-jupiter-api/5.8.2/junit-jupiter-api-5.8.2.jar:/root/.m2/repository/org/opentest4j/opentest4j/1.2.0/opentest4j-1.2.0.jar:/root/.m2/repository/org/junit/platform/junit-platform-commons/1.8.2/junit-platform-commons-1.8.2.jar:/root/.m2/repository/org/apiguardian/apiguardian-api/1.1.2/apiguardian-api-1.1.2.jar:/root/.m2/repository/org/junit/jupiter/junit-jupiter-params/5.8.2/junit-jupiter-params-5.8.2.jar:/root/.m2/repository/org/junit/jupiter/junit-jupiter-engine/5.8.2/junit-jupiter-engine-5.8.2.jar:/root/.m2/repository/org/junit/platform/junit-platform-engine/1.8.2/junit-platform-engine-1.8.2.jar:/root/.m2/repository/org/mockito/mockito-core/4.0.0/mockito-core-4.0.0.jar:/root/.m2/repository/net/bytebuddy/byte-buddy-agent/1.11.22/byte-buddy-agent-1.11.22.jar:/root/.m2/repository/org/objenesis/objenesis/3.2/objenesis-3.2.jar:/root/.m2/repository/org/mockito/mockito-junit-jupiter/4.0.0/mockito-junit-jupiter-4.0.0.jar:/root/.m2/repository/org/skyscreamer/jsonassert/1.5.0/jsonassert-1.5.0.jar:/root/.m2/repository/com/vaadin/external/google/android-json/0.0.20131108.vaadin1/android-json-0.0.20131108.vaadin1.jar:/root/.m2/repository/org/springframework/spring-core/5.3.15/spring-core-5.3.15.jar:/root/.m2/repository/org/springframework/spring-jcl/5.3.15/spring-jcl-5.3.15.jar:/root/.m2/repository/org/springframework/spring-test/5.3.15/spring-test-5.3.15.jar:/root/.m2/repository/org/xmlunit/xmlunit-core/2.8.4/xmlunit-core-2.8.4.jar:/root/.m2/repository/com/h2database/h2/1.4.200/h2-1.4.200.jar:/root/.m2/repository/jakarta/validation/jakarta.validation-api/2.0.2/jakarta.validation-api-2.0.2.jar:/root/.m2/repository/org/xerial/sqlite-jdbc/3.25.2/sqlite-jdbc-3.25.2.jar:"/>
    <property name="java.vm.vendor" value="Oracle Corporation"/>
    <property name="sun.arch.data.model" value="64"/>
    <property name="java.vendor.url" value="https://openjdk.java.net/"/>
    <property name="os.name" value="Linux"/>
    <property name="java.vm.specification.version" value="17"/>
    <property name="sun.java.launcher" value="SUN_STANDARD"/>
    <property name="user.country" value="BR"/>
    <property name="sun.boot.library.path" value="/usr/lib/jvm/java-17-openjdk/lib"/>
    <property name="sun.java.command" value="/home/rivo/studies/internationalPhoneNumberValidator/target/surefire/surefirebooter3694203120187788908.jar /home/rivo/studies/internationalPhoneNumberValidator/target/surefire 2022-02-03T15-39-13_697-jvmRun1 surefire5815205281894188896tmp surefire_01181897599946804610tmp"/>
    <property name="jdk.debug" value="release"/>
    <property name="surefire.test.class.path" value="/home/rivo/studies/internationalPhoneNumberValidator/target/test-classes:/home/rivo/studies/internationalPhoneNumberValidator/target/classes:/root/.m2/repository/org/springframework/boot/spring-boot-starter-web/2.6.3/spring-boot-starter-web-2.6.3.jar:/root/.m2/repository/org/springframework/boot/spring-boot-starter/2.6.3/spring-boot-starter-2.6.3.jar:/root/.m2/repository/org/springframework/boot/spring-boot/2.6.3/spring-boot-2.6.3.jar:/root/.m2/repository/org/springframework/boot/spring-boot-autoconfigure/2.6.3/spring-boot-autoconfigure-2.6.3.jar:/root/.m2/repository/org/springframework/boot/spring-boot-starter-logging/2.6.3/spring-boot-starter-logging-2.6.3.jar:/root/.m2/repository/ch/qos/logback/logback-classic/1.2.10/logback-classic-1.2.10.jar:/root/.m2/repository/ch/qos/logback/logback-core/1.2.10/logback-core-1.2.10.jar:/root/.m2/repository/org/apache/logging/log4j/log4j-to-slf4j/2.17.1/log4j-to-slf4j-2.17.1.jar:/root/.m2/repository/org/apache/logging/log4j/log4j-api/2.17.1/log4j-api-2.17.1.jar:/root/.m2/repository/org/slf4j/jul-to-slf4j/1.7.33/jul-to-slf4j-1.7.33.jar:/root/.m2/repository/jakarta/annotation/jakarta.annotation-api/1.3.5/jakarta.annotation-api-1.3.5.jar:/root/.m2/repository/org/yaml/snakeyaml/1.29/snakeyaml-1.29.jar:/root/.m2/repository/org/springframework/boot/spring-boot-starter-json/2.6.3/spring-boot-starter-json-2.6.3.jar:/root/.m2/repository/com/fasterxml/jackson/core/jackson-databind/2.13.1/jackson-databind-2.13.1.jar:/root/.m2/repository/com/fasterxml/jackson/core/jackson-annotations/2.13.1/jackson-annotations-2.13.1.jar:/root/.m2/repository/com/fasterxml/jackson/core/jackson-core/2.13.1/jackson-core-2.13.1.jar:/root/.m2/repository/com/fasterxml/jackson/datatype/jackson-datatype-jdk8/2.13.1/jackson-datatype-jdk8-2.13.1.jar:/root/.m2/repository/com/fasterxml/jackson/datatype/jackson-datatype-jsr310/2.13.1/jackson-datatype-jsr310-2.13.1.jar:/root/.m2/repository/com/fasterxml/jackson/module/jackson-module-parameter-names/2.13.1/jackson-module-parameter-names-2.13.1.jar:/root/.m2/repository/org/springframework/boot/spring-boot-starter-tomcat/2.6.3/spring-boot-starter-tomcat-2.6.3.jar:/root/.m2/repository/org/apache/tomcat/embed/tomcat-embed-core/9.0.56/tomcat-embed-core-9.0.56.jar:/root/.m2/repository/org/apache/tomcat/embed/tomcat-embed-el/9.0.56/tomcat-embed-el-9.0.56.jar:/root/.m2/repository/org/apache/tomcat/embed/tomcat-embed-websocket/9.0.56/tomcat-embed-websocket-9.0.56.jar:/root/.m2/repository/org/springframework/spring-web/5.3.15/spring-web-5.3.15.jar:/root/.m2/repository/org/springframework/spring-beans/5.3.15/spring-beans-5.3.15.jar:/root/.m2/repository/org/springframework/spring-webmvc/5.3.15/spring-webmvc-5.3.15.jar:/root/.m2/repository/org/springframework/spring-aop/5.3.15/spring-aop-5.3.15.jar:/root/.m2/repository/org/springframework/spring-context/5.3.15/spring-context-5.3.15.jar:/root/.m2/repository/org/springframework/spring-expression/5.3.15/spring-expression-5.3.15.jar:/root/.m2/repository/org/springframework/boot/spring-boot-starter-data-jpa/2.6.3/spring-boot-starter-data-jpa-2.6.3.jar:/root/.m2/repository/org/springframework/boot/spring-boot-starter-aop/2.6.3/spring-boot-starter-aop-2.6.3.jar:/root/.m2/repository/org/aspectj/aspectjweaver/1.9.7/aspectjweaver-1.9.7.jar:/root/.m2/repository/org/springframework/boot/spring-boot-starter-jdbc/2.6.3/spring-boot-starter-jdbc-2.6.3.jar:/root/.m2/repository/com/zaxxer/HikariCP/4.0.3/HikariCP-4.0.3.jar:/root/.m2/repository/org/springframework/spring-jdbc/5.3.15/spring-jdbc-5.3.15.jar:/root/.m2/repository/jakarta/transaction/jakarta.transaction-api/1.3.3/jakarta.transaction-api-1.3.3.jar:/root/.m2/repository/jakarta/persistence/jakarta.persistence-api/2.2.3/jakarta.persistence-api-2.2.3.jar:/root/.m2/repository/org/hibernate/hibernate-core/5.6.4.Final/hibernate-core-5.6.4.Final.jar:/root/.m2/repository/org/jboss/logging/jboss-logging/3.4.3.Final/jboss-logging-3.4.3.Final.jar:/root/.m2/repository/net/bytebuddy/byte-buddy/1.11.22/byte-buddy-1.11.22.jar:/root/.m2/repository/antlr/antlr/2.7.7/antlr-2.7.7.jar:/root/.m2/repository/org/jboss/jandex/2.4.2.Final/jandex-2.4.2.Final.jar:/root/.m2/repository/com/fasterxml/classmate/1.5.1/classmate-1.5.1.jar:/root/.m2/repository/org/hibernate/common/hibernate-commons-annotations/5.1.2.Final/hibernate-commons-annotations-5.1.2.Final.jar:/root/.m2/repository/org/glassfish/jaxb/jaxb-runtime/2.3.5/jaxb-runtime-2.3.5.jar:/root/.m2/repository/org/glassfish/jaxb/txw2/2.3.5/txw2-2.3.5.jar:/root/.m2/repository/com/sun/istack/istack-commons-runtime/3.0.12/istack-commons-runtime-3.0.12.jar:/root/.m2/repository/com/sun/activation/jakarta.activation/1.2.2/jakarta.activation-1.2.2.jar:/root/.m2/repository/org/springframework/data/spring-data-jpa/2.6.1/spring-data-jpa-2.6.1.jar:/root/.m2/repository/org/springframework/data/spring-data-commons/2.6.1/spring-data-commons-2.6.1.jar:/root/.m2/repository/org/springframework/spring-orm/5.3.15/spring-orm-5.3.15.jar:/root/.m2/repository/org/springframework/spring-tx/5.3.15/spring-tx-5.3.15.jar:/root/.m2/repository/org/slf4j/slf4j-api/1.7.33/slf4j-api-1.7.33.jar:/root/.m2/repository/org/springframework/spring-aspects/5.3.15/spring-aspects-5.3.15.jar:/root/.m2/repository/org/projectlombok/lombok/1.18.22/lombok-1.18.22.jar:/root/.m2/repository/org/springframework/boot/spring-boot-starter-test/2.6.3/spring-boot-starter-test-2.6.3.jar:/root/.m2/repository/org/springframework/boot/spring-boot-test/2.6.3/spring-boot-test-2.6.3.jar:/root/.m2/repository/org/springframework/boot/spring-boot-test-autoconfigure/2.6.3/spring-boot-test-autoconfigure-2.6.3.jar:/root/.m2/repository/com/jayway/jsonpath/json-path/2.6.0/json-path-2.6.0.jar:/root/.m2/repository/net/minidev/json-smart/2.4.7/json-smart-2.4.7.jar:/root/.m2/repository/net/minidev/accessors-smart/2.4.7/accessors-smart-2.4.7.jar:/root/.m2/repository/org/ow2/asm/asm/9.1/asm-9.1.jar:/root/.m2/repository/jakarta/xml/bind/jakarta.xml.bind-api/2.3.3/jakarta.xml.bind-api-2.3.3.jar:/root/.m2/repository/jakarta/activation/jakarta.activation-api/1.2.2/jakarta.activation-api-1.2.2.jar:/root/.m2/repository/org/assertj/assertj-core/3.21.0/assertj-core-3.21.0.jar:/root/.m2/repository/org/hamcrest/hamcrest/2.2/hamcrest-2.2.jar:/root/.m2/repository/org/junit/jupiter/junit-jupiter/5.8.2/junit-jupiter-5.8.2.jar:/root/.m2/repository/org/junit/jupiter/junit-jupiter-api/5.8.2/junit-jupiter-api-5.8.2.jar:/root/.m2/repository/org/opentest4j/opentest4j/1.2.0/opentest4j-1.2.0.jar:/root/.m2/repository/org/junit/platform/junit-platform-commons/1.8.2/junit-platform-commons-1.8.2.jar:/root/.m2/repository/org/apiguardian/apiguardian-api/1.1.2/apiguardian-api-1.1.2.jar:/root/.m2/repository/org/junit/jupiter/junit-jupiter-params/5.8.2/junit-jupiter-params-5.8.2.jar:/root/.m2/repository/org/junit/jupiter/junit-jupiter-engine/5.8.2/junit-jupiter-engine-5.8.2.jar:/root/.m2/repository/org/junit/platform/junit-platform-engine/1.8.2/junit-platform-engine-1.8.2.jar:/root/.m2/repository/org/mockito/mockito-core/4.0.0/mockito-core-4.0.0.jar:/root/.m2/repository/net/bytebuddy/byte-buddy-agent/1.11.22/byte-buddy-agent-1.11.22.jar:/root/.m2/repository/org/objenesis/objenesis/3.2/objenesis-3.2.jar:/root/.m2/repository/org/mockito/mockito-junit-jupiter/4.0.0/mockito-junit-jupiter-4.0.0.jar:/root/.m2/repository/org/skyscreamer/jsonassert/1.5.0/jsonassert-1.5.0.jar:/root/.m2/repository/com/vaadin/external/google/android-json/0.0.20131108.vaadin1/android-json-0.0.20131108.vaadin1.jar:/root/.m2/repository/org/springframework/spring-core/5.3.15/spring-core-5.3.15.jar:/root/.m2/repository/org/springframework/spring-jcl/5.3.15/spring-jcl-5.3.15.jar:/root/.m2/repository/org/springframework/spring-test/5.3.15/spring-test-5.3.15.jar:/root/.m2/repository/org/xmlunit/xmlunit-core/2.8.4/xmlunit-core-2.8.4.jar:/root/.m2/repository/com/h2database/h2/1.4.200/h2-1.4.200.jar:/root/.m2/repository/jakarta/validation/jakarta.validation-api/2.0.2/jakarta.validation-api-2.0.2.jar:/root/.m2/repository/org/xerial/sqlite-jdbc/3.25.2/sqlite-jdbc-3.25.2.jar:"/>
    <property name="sun.cpu.endian" value="little"/>
    <property name="user.home" value="/root"/>
    <property name="user.language" value="pt"/>
    <property name="java.specification.vendor" value="Oracle Corporation"/>
    <property name="java.version.date" value="2021-10-19"/>
    <property name="java.home" value="/usr/lib/jvm/java-17-openjdk"/>
    <property name="file.separator" value="/"/>
    <property name="basedir" value="/home/rivo/studies/internationalPhoneNumberValidator"/>
    <property name="java.vm.compressedOopsMode" value="Zero based"/>
    <property name="line.separator" value="&#10;"/>
    <property name="java.vm.specification.vendor" value="Oracle Corporation"/>
    <property name="java.specification.name" value="Java Platform API Specification"/>
    <property name="surefire.real.class.path" value="/home/rivo/studies/internationalPhoneNumberValidator/target/surefire/surefirebooter3694203120187788908.jar"/>
    <property name="sun.management.compiler" value="HotSpot 64-Bit Tiered Compilers"/>
    <property name="java.runtime.version" value="17.0.1+12"/>
    <property name="user.name" value="root"/>
    <property name="path.separator" value=":"/>
    <property name="os.version" value="5.13.19-2-MANJARO"/>
    <property name="java.runtime.name" value="OpenJDK Runtime Environment"/>
    <property name="file.encoding" value="UTF-8"/>
    <property name="java.vm.name" value="OpenJDK 64-Bit Server VM"/>
    <property name="localRepository" value="/root/.m2/repository"/>
    <property name="java.vendor.url.bug" value="https://bugreport.java.com/bugreport/"/>
    <property name="java.io.tmpdir" value="/tmp"/>
    <property name="java.version" value="17.0.1"/>
    <property name="user.dir" value="/home/rivo/studies/internationalPhoneNumberValidator"/>
    <property name="os.arch" value="amd64"/>
    <property name="java.vm.specification.name" value="Java Virtual Machine Specification"/>
    <property name="native.encoding" value="UTF-8"/>
    <property name="java.library.path" value="/usr/java/packages/lib:/usr/lib64:/lib64:/lib:/usr/lib"/>
    <property name="java.vm.info" value="mixed mode"/>
    <property name="java.vendor" value="N/A"/>
    <property name="java.vm.version" value="17.0.1+12"/>
    <property name="sun.io.unicode.encoding" value="UnicodeLittle"/>
    <property name="java.class.version" value="61.0"/>
  </properties>
  <testcase name="isProperlySentShouldReturnFalse" classname="pt.jumia.phonevalidator.controller.InternationalPhoneNumberValidatorControllerIntegrationTest$WhenInvalidNumber" time="0.513">
    <failure message="No value at JSON path &quot;$.valid&quot;" type="java.lang.AssertionError">java.lang.AssertionError: No value at JSON path "$.valid"
	at pt.jumia.phonevalidator.controller.InternationalPhoneNumberValidatorControllerIntegrationTest$WhenInvalidNumber.isProperlySentShouldReturnFalse(InternationalPhoneNumberValidatorControllerIntegrationTest.java:61)
Caused by: com.jayway.jsonpath.PathNotFoundException: No results for path: $['valid']
	at pt.jumia.phonevalidator.controller.InternationalPhoneNumberValidatorControllerIntegrationTest$WhenInvalidNumber.isProperlySentShouldReturnFalse(InternationalPhoneNumberValidatorControllerIntegrationTest.java:61)
</failure>
    <system-out><![CDATA[15:39:14.792 [main] DEBUG org.springframework.test.context.BootstrapUtils - Instantiating CacheAwareContextLoaderDelegate from class [org.springframework.test.context.cache.DefaultCacheAwareContextLoaderDelegate]
15:39:14.800 [main] DEBUG org.springframework.test.context.BootstrapUtils - Instantiating BootstrapContext using constructor [public org.springframework.test.context.support.DefaultBootstrapContext(java.lang.Class,org.springframework.test.context.CacheAwareContextLoaderDelegate)]
15:39:14.840 [main] DEBUG org.springframework.test.context.BootstrapUtils - Instantiating TestContextBootstrapper for test class [pt.jumia.phonevalidator.controller.InternationalPhoneNumberValidatorControllerIntegrationTest] from class [org.springframework.boot.test.context.SpringBootTestContextBootstrapper]
15:39:14.849 [main] INFO org.springframework.boot.test.context.SpringBootTestContextBootstrapper - Neither @ContextConfiguration nor @ContextHierarchy found for test class [pt.jumia.phonevalidator.controller.InternationalPhoneNumberValidatorControllerIntegrationTest], using SpringBootContextLoader
15:39:14.853 [main] DEBUG org.springframework.test.context.support.AbstractContextLoader - Did not detect default resource location for test class [pt.jumia.phonevalidator.controller.InternationalPhoneNumberValidatorControllerIntegrationTest]: class path resource [pt/jumia/phonevalidator/controller/InternationalPhoneNumberValidatorControllerIntegrationTest-context.xml] does not exist
15:39:14.853 [main] DEBUG org.springframework.test.context.support.AbstractContextLoader - Did not detect default resource location for test class [pt.jumia.phonevalidator.controller.InternationalPhoneNumberValidatorControllerIntegrationTest]: class path resource [pt/jumia/phonevalidator/controller/InternationalPhoneNumberValidatorControllerIntegrationTestContext.groovy] does not exist
15:39:14.853 [main] INFO org.springframework.test.context.support.AbstractContextLoader - Could not detect default resource locations for test class [pt.jumia.phonevalidator.controller.InternationalPhoneNumberValidatorControllerIntegrationTest]: no resource found for suffixes {-context.xml, Context.groovy}.
15:39:14.854 [main] DEBUG org.springframework.test.context.support.AnnotationConfigContextLoaderUtils - Ignoring class [pt.jumia.phonevalidator.controller.InternationalPhoneNumberValidatorControllerIntegrationTest$WhenInvalidNumber]; it must be static, non-private, non-final, and annotated with @Configuration to be considered a default configuration class.
15:39:14.854 [main] DEBUG org.springframework.test.context.support.AnnotationConfigContextLoaderUtils - Ignoring class [pt.jumia.phonevalidator.controller.InternationalPhoneNumberValidatorControllerIntegrationTest$WhenValidNumber]; it must be static, non-private, non-final, and annotated with @Configuration to be considered a default configuration class.
15:39:14.854 [main] INFO org.springframework.test.context.support.AnnotationConfigContextLoaderUtils - Could not detect default configuration classes for test class [pt.jumia.phonevalidator.controller.InternationalPhoneNumberValidatorControllerIntegrationTest]: InternationalPhoneNumberValidatorControllerIntegrationTest does not declare any static, non-private, non-final, nested classes annotated with @Configuration.
15:39:14.907 [main] DEBUG org.springframework.test.context.support.ActiveProfilesUtils - Could not find an 'annotation declaring class' for annotation type [org.springframework.test.context.ActiveProfiles] and class [pt.jumia.phonevalidator.controller.InternationalPhoneNumberValidatorControllerIntegrationTest]
15:39:14.969 [main] DEBUG org.springframework.context.annotation.ClassPathScanningCandidateComponentProvider - Identified candidate component class: file [/home/rivo/studies/internationalPhoneNumberValidator/target/classes/pt/jumia/phonevalidator/PhoneValidatorApplication.class]
15:39:14.971 [main] INFO org.springframework.boot.test.context.SpringBootTestContextBootstrapper - Found @SpringBootConfiguration pt.jumia.phonevalidator.PhoneValidatorApplication for test class pt.jumia.phonevalidator.controller.InternationalPhoneNumberValidatorControllerIntegrationTest
15:39:15.061 [main] DEBUG org.springframework.boot.test.context.SpringBootTestContextBootstrapper - @TestExecutionListeners is not present for class [pt.jumia.phonevalidator.controller.InternationalPhoneNumberValidatorControllerIntegrationTest]: using defaults.
15:39:15.062 [main] INFO org.springframework.boot.test.context.SpringBootTestContextBootstrapper - Loaded default TestExecutionListener class names from location [META-INF/spring.factories]: [org.springframework.boot.test.mock.mockito.MockitoTestExecutionListener, org.springframework.boot.test.mock.mockito.ResetMocksTestExecutionListener, org.springframework.boot.test.autoconfigure.restdocs.RestDocsTestExecutionListener, org.springframework.boot.test.autoconfigure.web.client.MockRestServiceServerResetTestExecutionListener, org.springframework.boot.test.autoconfigure.web.servlet.MockMvcPrintOnlyOnFailureTestExecutionListener, org.springframework.boot.test.autoconfigure.web.servlet.WebDriverTestExecutionListener, org.springframework.boot.test.autoconfigure.webservices.client.MockWebServiceServerTestExecutionListener, org.springframework.test.context.web.ServletTestExecutionListener, org.springframework.test.context.support.DirtiesContextBeforeModesTestExecutionListener, org.springframework.test.context.event.ApplicationEventsTestExecutionListener, org.springframework.test.context.support.DependencyInjectionTestExecutionListener, org.springframework.test.context.support.DirtiesContextTestExecutionListener, org.springframework.test.context.transaction.TransactionalTestExecutionListener, org.springframework.test.context.jdbc.SqlScriptsTestExecutionListener, org.springframework.test.context.event.EventPublishingTestExecutionListener]
15:39:15.079 [main] INFO org.springframework.boot.test.context.SpringBootTestContextBootstrapper - Using TestExecutionListeners: [org.springframework.test.context.web.ServletTestExecutionListener@4c4748bf, org.springframework.test.context.support.DirtiesContextBeforeModesTestExecutionListener@7ce97ee5, org.springframework.test.context.event.ApplicationEventsTestExecutionListener@32c8e539, org.springframework.boot.test.mock.mockito.MockitoTestExecutionListener@73dce0e6, org.springframework.boot.test.autoconfigure.SpringBootDependencyInjectionTestExecutionListener@5a85c92, org.springframework.test.context.support.DirtiesContextTestExecutionListener@32811494, org.springframework.test.context.transaction.TransactionalTestExecutionListener@4795ded0, org.springframework.test.context.jdbc.SqlScriptsTestExecutionListener@53dacd14, org.springframework.test.context.event.EventPublishingTestExecutionListener@14d14731, org.springframework.boot.test.mock.mockito.ResetMocksTestExecutionListener@2eced48b, org.springframework.boot.test.autoconfigure.restdocs.RestDocsTestExecutionListener@47c4ecdc, org.springframework.boot.test.autoconfigure.web.client.MockRestServiceServerResetTestExecutionListener@42f33b5d, org.springframework.boot.test.autoconfigure.web.servlet.MockMvcPrintOnlyOnFailureTestExecutionListener@5c8504fd, org.springframework.boot.test.autoconfigure.web.servlet.WebDriverTestExecutionListener@4b7e96a, org.springframework.boot.test.autoconfigure.webservices.client.MockWebServiceServerTestExecutionListener@6475472c]
15:39:15.084 [main] DEBUG org.springframework.test.context.support.AbstractDirtiesContextTestExecutionListener - Before test class: context [DefaultTestContext@f001896 testClass = InternationalPhoneNumberValidatorControllerIntegrationTest, testInstance = [null], testMethod = [null], testException = [null], mergedContextConfiguration = [WebMergedContextConfiguration@13f17eb4 testClass = InternationalPhoneNumberValidatorControllerIntegrationTest, locations = '{}', classes = '{class pt.jumia.phonevalidator.PhoneValidatorApplication}', contextInitializerClasses = '[]', activeProfiles = '{}', propertySourceLocations = '{}', propertySourceProperties = '{org.springframework.boot.test.context.SpringBootTestContextBootstrapper=true}', contextCustomizers = set[[ImportsContextCustomizer@1d0d6318 key = [org.springframework.boot.test.autoconfigure.web.servlet.MockMvcAutoConfiguration, org.springframework.boot.test.autoconfigure.web.servlet.MockMvcWebClientAutoConfiguration, org.springframework.boot.test.autoconfigure.web.servlet.MockMvcWebDriverAutoConfiguration, org.springframework.boot.autoconfigure.security.oauth2.client.servlet.OAuth2ClientAutoConfiguration, org.springframework.boot.autoconfigure.security.oauth2.resource.servlet.OAuth2ResourceServerAutoConfiguration, org.springframework.boot.autoconfigure.security.servlet.SecurityAutoConfiguration, org.springframework.boot.autoconfigure.security.servlet.SecurityFilterAutoConfiguration, org.springframework.boot.autoconfigure.security.servlet.UserDetailsServiceAutoConfiguration, org.springframework.boot.test.autoconfigure.web.servlet.MockMvcSecurityConfiguration, org.springframework.boot.test.autoconfigure.web.reactive.WebTestClientAutoConfiguration]], org.springframework.boot.test.context.filter.ExcludeFilterContextCustomizer@463fd068, org.springframework.boot.test.json.DuplicateJsonObjectContextCustomizerFactory$DuplicateJsonObjectContextCustomizer@7a3793c7, org.springframework.boot.test.mock.mockito.MockitoContextCustomizer@0, org.springframework.boot.test.web.client.TestRestTemplateContextCustomizer@5d43661b, org.springframework.boot.test.autoconfigure.actuate.metrics.MetricsExportContextCustomizerFactory$DisableMetricExportContextCustomizer@13b3d178, org.springframework.boot.test.autoconfigure.properties.PropertyMappingContextCustomizer@4b3fa0b3, org.springframework.boot.test.autoconfigure.web.servlet.WebDriverContextCustomizerFactory$Customizer@44a59da3, org.springframework.boot.test.context.SpringBootTestArgs@1, org.springframework.boot.test.context.SpringBootTestWebEnvironment@1c93084c], resourceBasePath = 'src/main/webapp', contextLoader = 'org.springframework.boot.test.context.SpringBootContextLoader', parent = [null]], attributes = map['org.springframework.test.context.web.ServletTestExecutionListener.activateListener' -> true]], class annotated with @DirtiesContext [false] with mode [null].
15:39:15.090 [main] DEBUG org.springframework.test.context.BootstrapUtils - Instantiating CacheAwareContextLoaderDelegate from class [org.springframework.test.context.cache.DefaultCacheAwareContextLoaderDelegate]
15:39:15.090 [main] DEBUG org.springframework.test.context.BootstrapUtils - Instantiating BootstrapContext using constructor [public org.springframework.test.context.support.DefaultBootstrapContext(java.lang.Class,org.springframework.test.context.CacheAwareContextLoaderDelegate)]
15:39:15.093 [main] DEBUG org.springframework.test.context.BootstrapUtils - Instantiating TestContextBootstrapper for test class [pt.jumia.phonevalidator.controller.InternationalPhoneNumberValidatorControllerIntegrationTest$WhenInvalidNumber] from class [org.springframework.boot.test.context.SpringBootTestContextBootstrapper]
15:39:15.094 [main] INFO org.springframework.boot.test.context.SpringBootTestContextBootstrapper - Neither @ContextConfiguration nor @ContextHierarchy found for test class [pt.jumia.phonevalidator.controller.InternationalPhoneNumberValidatorControllerIntegrationTest$WhenInvalidNumber], using SpringBootContextLoader
15:39:15.095 [main] DEBUG org.springframework.test.context.support.AbstractContextLoader - Did not detect default resource location for test class [pt.jumia.phonevalidator.controller.InternationalPhoneNumberValidatorControllerIntegrationTest$WhenInvalidNumber]: class path resource [pt/jumia/phonevalidator/controller/InternationalPhoneNumberValidatorControllerIntegrationTest$WhenInvalidNumber-context.xml] does not exist
15:39:15.096 [main] DEBUG org.springframework.test.context.support.AbstractContextLoader - Did not detect default resource location for test class [pt.jumia.phonevalidator.controller.InternationalPhoneNumberValidatorControllerIntegrationTest$WhenInvalidNumber]: class path resource [pt/jumia/phonevalidator/controller/InternationalPhoneNumberValidatorControllerIntegrationTest$WhenInvalidNumberContext.groovy] does not exist
15:39:15.096 [main] INFO org.springframework.test.context.support.AbstractContextLoader - Could not detect default resource locations for test class [pt.jumia.phonevalidator.controller.InternationalPhoneNumberValidatorControllerIntegrationTest$WhenInvalidNumber]: no resource found for suffixes {-context.xml, Context.groovy}.
15:39:15.096 [main] INFO org.springframework.test.context.support.AnnotationConfigContextLoaderUtils - Could not detect default configuration classes for test class [pt.jumia.phonevalidator.controller.InternationalPhoneNumberValidatorControllerIntegrationTest$WhenInvalidNumber]: WhenInvalidNumber does not declare any static, non-private, non-final, nested classes annotated with @Configuration.
15:39:15.104 [main] DEBUG org.springframework.test.context.support.ActiveProfilesUtils - Could not find an 'annotation declaring class' for annotation type [org.springframework.test.context.ActiveProfiles] and class [pt.jumia.phonevalidator.controller.InternationalPhoneNumberValidatorControllerIntegrationTest$WhenInvalidNumber]
15:39:15.104 [main] INFO org.springframework.boot.test.context.SpringBootTestContextBootstrapper - Found @SpringBootConfiguration pt.jumia.phonevalidator.PhoneValidatorApplication for test class pt.jumia.phonevalidator.controller.InternationalPhoneNumberValidatorControllerIntegrationTest$WhenInvalidNumber
15:39:15.109 [main] DEBUG org.springframework.boot.test.context.SpringBootTestContextBootstrapper - @TestExecutionListeners is not present for class [pt.jumia.phonevalidator.controller.InternationalPhoneNumberValidatorControllerIntegrationTest$WhenInvalidNumber]: using defaults.
15:39:15.109 [main] INFO org.springframework.boot.test.context.SpringBootTestContextBootstrapper - Loaded default TestExecutionListener class names from location [META-INF/spring.factories]: [org.springframework.boot.test.mock.mockito.MockitoTestExecutionListener, org.springframework.boot.test.mock.mockito.ResetMocksTestExecutionListener, org.springframework.boot.test.autoconfigure.restdocs.RestDocsTestExecutionListener, org.springframework.boot.test.autoconfigure.web.client.MockRestServiceServerResetTestExecutionListener, org.springframework.boot.test.autoconfigure.web.servlet.MockMvcPrintOnlyOnFailureTestExecutionListener, org.springframework.boot.test.autoconfigure.web.servlet.WebDriverTestExecutionListener, org.springframework.boot.test.autoconfigure.webservices.client.MockWebServiceServerTestExecutionListener, org.springframework.test.context.web.ServletTestExecutionListener, org.springframework.test.context.support.DirtiesContextBeforeModesTestExecutionListener, org.springframework.test.context.event.ApplicationEventsTestExecutionListener, org.springframework.test.context.support.DependencyInjectionTestExecutionListener, org.springframework.test.context.support.DirtiesContextTestExecutionListener, org.springframework.test.context.transaction.TransactionalTestExecutionListener, org.springframework.test.context.jdbc.SqlScriptsTestExecutionListener, org.springframework.test.context.event.EventPublishingTestExecutionListener]
15:39:15.110 [main] INFO org.springframework.boot.test.context.SpringBootTestContextBootstrapper - Using TestExecutionListeners: [org.springframework.test.context.web.ServletTestExecutionListener@b6b1987, org.springframework.test.context.support.DirtiesContextBeforeModesTestExecutionListener@6b44435b, org.springframework.test.context.event.ApplicationEventsTestExecutionListener@2ccca26f, org.springframework.boot.test.mock.mockito.MockitoTestExecutionListener@66b7550d, org.springframework.boot.test.autoconfigure.SpringBootDependencyInjectionTestExecutionListener@3543df7d, org.springframework.test.context.support.DirtiesContextTestExecutionListener@7c541c15, org.springframework.test.context.transaction.TransactionalTestExecutionListener@3542162a, org.springframework.test.context.jdbc.SqlScriptsTestExecutionListener@698122b2, org.springframework.test.context.event.EventPublishingTestExecutionListener@4212a0c8, org.springframework.boot.test.mock.mockito.ResetMocksTestExecutionListener@1e7aa82b, org.springframework.boot.test.autoconfigure.restdocs.RestDocsTestExecutionListener@3b2c0e88, org.springframework.boot.test.autoconfigure.web.client.MockRestServiceServerResetTestExecutionListener@5bd82fed, org.springframework.boot.test.autoconfigure.web.servlet.MockMvcPrintOnlyOnFailureTestExecutionListener@c1bd0be, org.springframework.boot.test.autoconfigure.web.servlet.WebDriverTestExecutionListener@476b0ae6, org.springframework.boot.test.autoconfigure.webservices.client.MockWebServiceServerTestExecutionListener@1c6804cd]
15:39:15.111 [main] DEBUG org.springframework.test.context.support.AbstractDirtiesContextTestExecutionListener - Before test class: context [DefaultTestContext@655f7ea testClass = InternationalPhoneNumberValidatorControllerIntegrationTest.WhenInvalidNumber, testInstance = [null], testMethod = [null], testException = [null], mergedContextConfiguration = [WebMergedContextConfiguration@549949be testClass = InternationalPhoneNumberValidatorControllerIntegrationTest.WhenInvalidNumber, locations = '{}', classes = '{class pt.jumia.phonevalidator.PhoneValidatorApplication}', contextInitializerClasses = '[]', activeProfiles = '{}', propertySourceLocations = '{}', propertySourceProperties = '{org.springframework.boot.test.context.SpringBootTestContextBootstrapper=true}', contextCustomizers = set[[ImportsContextCustomizer@4b3a45f1 key = [org.springframework.boot.test.autoconfigure.web.servlet.MockMvcAutoConfiguration, org.springframework.boot.test.autoconfigure.web.servlet.MockMvcWebClientAutoConfiguration, org.springframework.boot.test.autoconfigure.web.servlet.MockMvcWebDriverAutoConfiguration, org.springframework.boot.autoconfigure.security.oauth2.client.servlet.OAuth2ClientAutoConfiguration, org.springframework.boot.autoconfigure.security.oauth2.resource.servlet.OAuth2ResourceServerAutoConfiguration, org.springframework.boot.autoconfigure.security.servlet.SecurityAutoConfiguration, org.springframework.boot.autoconfigure.security.servlet.SecurityFilterAutoConfiguration, org.springframework.boot.autoconfigure.security.servlet.UserDetailsServiceAutoConfiguration, org.springframework.boot.test.autoconfigure.web.servlet.MockMvcSecurityConfiguration, org.springframework.boot.test.autoconfigure.web.reactive.WebTestClientAutoConfiguration]], org.springframework.boot.test.context.filter.ExcludeFilterContextCustomizer@463fd068, org.springframework.boot.test.json.DuplicateJsonObjectContextCustomizerFactory$DuplicateJsonObjectContextCustomizer@7a3793c7, org.springframework.boot.test.mock.mockito.MockitoContextCustomizer@0, org.springframework.boot.test.web.client.TestRestTemplateContextCustomizer@5d43661b, org.springframework.boot.test.autoconfigure.actuate.metrics.MetricsExportContextCustomizerFactory$DisableMetricExportContextCustomizer@13b3d178, org.springframework.boot.test.autoconfigure.properties.PropertyMappingContextCustomizer@4b3fa0b3, org.springframework.boot.test.autoconfigure.web.servlet.WebDriverContextCustomizerFactory$Customizer@44a59da3, org.springframework.boot.test.context.SpringBootTestArgs@1, org.springframework.boot.test.context.SpringBootTestWebEnvironment@1c93084c], resourceBasePath = 'src/main/webapp', contextLoader = 'org.springframework.boot.test.context.SpringBootContextLoader', parent = [null]], attributes = map['org.springframework.test.context.web.ServletTestExecutionListener.activateListener' -> true]], class annotated with @DirtiesContext [false] with mode [null].

  .   ____          _            __ _ _
 /\\ / ___'_ __ _ _(_)_ __  __ _ \ \ \ \
( ( )\___ | '_ | '_| | '_ \/ _` | \ \ \ \
 \\/  ___)| |_)| | | | | || (_| |  ) ) ) )
  '  |____| .__|_| |_|_| |_\__, | / / / /
 =========|_|==============|___/=/_/_/_/
 :: Spring Boot ::                (v2.6.3)

2022-02-03 15:39:15.441  INFO 24941 --- [           main] NumberValidatorControllerIntegrationTest : Starting InternationalPhoneNumberValidatorControllerIntegrationTest using Java 17.0.1 on ryzen7 with PID 24941 (started by root in /home/rivo/studies/internationalPhoneNumberValidator)
2022-02-03 15:39:15.442  INFO 24941 --- [           main] NumberValidatorControllerIntegrationTest : No active profile set, falling back to default profiles: default
2022-02-03 15:39:16.067  INFO 24941 --- [           main] .s.d.r.c.RepositoryConfigurationDelegate : Bootstrapping Spring Data JPA repositories in DEFAULT mode.
2022-02-03 15:39:16.120  INFO 24941 --- [           main] .s.d.r.c.RepositoryConfigurationDelegate : Finished Spring Data repository scanning in 45 ms. Found 1 JPA repository interfaces.
2022-02-03 15:39:16.657  INFO 24941 --- [           main] com.zaxxer.hikari.HikariDataSource       : HikariPool-1 - Starting...
2022-02-03 15:39:16.786  INFO 24941 --- [           main] com.zaxxer.hikari.HikariDataSource       : HikariPool-1 - Start completed.
2022-02-03 15:39:16.845  INFO 24941 --- [           main] o.hibernate.jpa.internal.util.LogHelper  : HHH000204: Processing PersistenceUnitInfo [name: default]
2022-02-03 15:39:16.893  INFO 24941 --- [           main] org.hibernate.Version                    : HHH000412: Hibernate ORM core version 5.6.4.Final
2022-02-03 15:39:17.066  INFO 24941 --- [           main] o.hibernate.annotations.common.Version   : HCANN000001: Hibernate Commons Annotations {5.1.2.Final}
2022-02-03 15:39:17.159  INFO 24941 --- [           main] org.hibernate.dialect.Dialect            : HHH000400: Using dialect: pt.jumia.phonevalidator.dialect.SQLiteDialect
2022-02-03 15:39:17.592  INFO 24941 --- [           main] o.h.e.t.j.p.i.JtaPlatformInitiator       : HHH000490: Using JtaPlatform implementation: [org.hibernate.engine.transaction.jta.platform.internal.NoJtaPlatform]
2022-02-03 15:39:17.601  INFO 24941 --- [           main] j.LocalContainerEntityManagerFactoryBean : Initialized JPA EntityManagerFactory for persistence unit 'default'
2022-02-03 15:39:18.115  WARN 24941 --- [           main] JpaBaseConfiguration$JpaWebConfiguration : spring.jpa.open-in-view is enabled by default. Therefore, database queries may be performed during view rendering. Explicitly configure spring.jpa.open-in-view to disable this warning
2022-02-03 15:39:18.642  INFO 24941 --- [           main] o.s.b.t.m.w.SpringBootMockServletContext : Initializing Spring TestDispatcherServlet ''
2022-02-03 15:39:18.643  INFO 24941 --- [           main] o.s.t.web.servlet.TestDispatcherServlet  : Initializing Servlet ''
2022-02-03 15:39:18.644  INFO 24941 --- [           main] o.s.t.web.servlet.TestDispatcherServlet  : Completed initialization in 1 ms
2022-02-03 15:39:18.664  INFO 24941 --- [           main] NumberValidatorControllerIntegrationTest : Started InternationalPhoneNumberValidatorControllerIntegrationTest in 3.516 seconds (JVM running for 4.724)
Hibernate: select customer0_.id as id1_0_, customer0_.name as name2_0_, customer0_.phone as phone3_0_ from customer customer0_
Hibernate: select count(customer0_.id) as col_0_0_ from customer customer0_

MockHttpServletRequest:
      HTTP Method = GET
      Request URI = /validate
       Parameters = {phoneNumber=[asjkbc+123.123456x44-----440000000000]}
          Headers = []
             Body = null
    Session Attrs = {}

Handler:
             Type = pt.jumia.phonevalidator.controller.InternationalPhoneNumberValidatorController
           Method = pt.jumia.phonevalidator.controller.InternationalPhoneNumberValidatorController#getAll(Pageable)

Async:
    Async started = false
     Async result = null

Resolved Exception:
             Type = null

ModelAndView:
        View name = null
             View = null
            Model = null

FlashMap:
       Attributes = null

MockHttpServletResponse:
           Status = 200
    Error message = null
          Headers = [Content-Type:"application/json"]
     Content type = application/json
             Body = {"content":[{"id":0,"name":"Walid Hammadi","phone":"(212) 6007989253"},{"id":1,"name":"Yosaf Karrouch","phone":"(212) 698054317"},{"id":2,"name":"Younes Boutikyad","phone":"(212) 6546545369"},{"id":3,"name":"Houda Houda","phone":"(212) 6617344445"},{"id":4,"name":"Chouf Malo","phone":"(212) 691933626"},{"id":5,"name":"soufiane fritisse ","phone":"(212) 633963130"},{"id":6,"name":"Nada Sofie","phone":"(212) 654642448"},{"id":7,"name":"Edunildo Gomes Alberto ","phone":"(258) 847651504"},{"id":8,"name":"Walla's Singz Junior","phone":"(258) 846565883"},{"id":9,"name":"sevilton sylvestre","phone":"(258) 849181828"},{"id":10,"name":"Tanvi Sachdeva","phone":"(258) 84330678235"},{"id":11,"name":"Florencio Samuel","phone":"(258) 847602609"},{"id":12,"name":"Solo Dolo","phone":"(258) 042423566"},{"id":13,"name":"Pedro B 173","phone":"(258) 823747618"},{"id":14,"name":"Ezequiel Fenias","phone":"(258) 848826725"},{"id":15,"name":"JACKSON NELLY","phone":"(256) 775069443"},{"id":16,"name":"Kiwanuka Budallah","phone":"(256) 7503O6263"},{"id":17,"name":"VINEET SETH","phone":"(256) 704244430"},{"id":18,"name":"Jokkene Richard","phone":"(256) 7734127498"},{"id":19,"name":"Ogwal David","phone":"(256) 7771031454"}],"pageable":{"sort":{"sorted":false,"unsorted":true,"empty":true},"pageNumber":0,"pageSize":20,"offset":0,"paged":true,"unpaged":false},"last":false,"totalPages":3,"totalElements":41,"sort":{"sorted":false,"unsorted":true,"empty":true},"first":true,"number":0,"numberOfElements":20,"size":20,"empty":false}
    Forwarded URL = null
   Redirected URL = null
          Cookies = []
]]></system-out>
  </testcase>
  <testcase name="isNotProperlySentShouldReturnError" classname="pt.jumia.phonevalidator.controller.InternationalPhoneNumberValidatorControllerIntegrationTest$WhenValidNumber" time="0.026">
    <failure message="Status expected:&lt;400&gt; but was:&lt;200&gt;" type="java.lang.AssertionError"><![CDATA[java.lang.AssertionError: Status expected:<400> but was:<200>
	at pt.jumia.phonevalidator.controller.InternationalPhoneNumberValidatorControllerIntegrationTest$WhenValidNumber.isNotProperlySentShouldReturnError(InternationalPhoneNumberValidatorControllerIntegrationTest.java:47)
]]></failure>
    <system-out><![CDATA[2022-02-03 15:39:19.207  INFO 24941 --- [           main] .b.t.c.SpringBootTestContextBootstrapper : Neither @ContextConfiguration nor @ContextHierarchy found for test class [pt.jumia.phonevalidator.controller.InternationalPhoneNumberValidatorControllerIntegrationTest$WhenValidNumber], using SpringBootContextLoader
2022-02-03 15:39:19.208  INFO 24941 --- [           main] o.s.t.c.support.AbstractContextLoader    : Could not detect default resource locations for test class [pt.jumia.phonevalidator.controller.InternationalPhoneNumberValidatorControllerIntegrationTest$WhenValidNumber]: no resource found for suffixes {-context.xml, Context.groovy}.
2022-02-03 15:39:19.208  INFO 24941 --- [           main] t.c.s.AnnotationConfigContextLoaderUtils : Could not detect default configuration classes for test class [pt.jumia.phonevalidator.controller.InternationalPhoneNumberValidatorControllerIntegrationTest$WhenValidNumber]: WhenValidNumber does not declare any static, non-private, non-final, nested classes annotated with @Configuration.
2022-02-03 15:39:19.212  INFO 24941 --- [           main] .b.t.c.SpringBootTestContextBootstrapper : Found @SpringBootConfiguration pt.jumia.phonevalidator.PhoneValidatorApplication for test class pt.jumia.phonevalidator.controller.InternationalPhoneNumberValidatorControllerIntegrationTest$WhenValidNumber
2022-02-03 15:39:19.215  INFO 24941 --- [           main] .b.t.c.SpringBootTestContextBootstrapper : Loaded default TestExecutionListener class names from location [META-INF/spring.factories]: [org.springframework.boot.test.mock.mockito.MockitoTestExecutionListener, org.springframework.boot.test.mock.mockito.ResetMocksTestExecutionListener, org.springframework.boot.test.autoconfigure.restdocs.RestDocsTestExecutionListener, org.springframework.boot.test.autoconfigure.web.client.MockRestServiceServerResetTestExecutionListener, org.springframework.boot.test.autoconfigure.web.servlet.MockMvcPrintOnlyOnFailureTestExecutionListener, org.springframework.boot.test.autoconfigure.web.servlet.WebDriverTestExecutionListener, org.springframework.boot.test.autoconfigure.webservices.client.MockWebServiceServerTestExecutionListener, org.springframework.test.context.web.ServletTestExecutionListener, org.springframework.test.context.support.DirtiesContextBeforeModesTestExecutionListener, org.springframework.test.context.event.ApplicationEventsTestExecutionListener, org.springframework.test.context.support.DependencyInjectionTestExecutionListener, org.springframework.test.context.support.DirtiesContextTestExecutionListener, org.springframework.test.context.transaction.TransactionalTestExecutionListener, org.springframework.test.context.jdbc.SqlScriptsTestExecutionListener, org.springframework.test.context.event.EventPublishingTestExecutionListener]
2022-02-03 15:39:19.216  INFO 24941 --- [           main] .b.t.c.SpringBootTestContextBootstrapper : Using TestExecutionListeners: [org.springframework.test.context.web.ServletTestExecutionListener@1299c874, org.springframework.test.context.support.DirtiesContextBeforeModesTestExecutionListener@2adce412, org.springframework.test.context.event.ApplicationEventsTestExecutionListener@629cf53c, org.springframework.boot.test.mock.mockito.MockitoTestExecutionListener@6d84ab90, org.springframework.boot.test.autoconfigure.SpringBootDependencyInjectionTestExecutionListener@3182143c, org.springframework.test.context.support.DirtiesContextTestExecutionListener@7cb38a6a, org.springframework.test.context.transaction.TransactionalTestExecutionListener@7983a5d5, org.springframework.test.context.jdbc.SqlScriptsTestExecutionListener@3113595e, org.springframework.test.context.event.EventPublishingTestExecutionListener@109188b4, org.springframework.boot.test.mock.mockito.ResetMocksTestExecutionListener@7091a016, org.springframework.boot.test.autoconfigure.restdocs.RestDocsTestExecutionListener@14580edc, org.springframework.boot.test.autoconfigure.web.client.MockRestServiceServerResetTestExecutionListener@3f2a7ca0, org.springframework.boot.test.autoconfigure.web.servlet.MockMvcPrintOnlyOnFailureTestExecutionListener@23e297d9, org.springframework.boot.test.autoconfigure.web.servlet.WebDriverTestExecutionListener@5e8e02a3, org.springframework.boot.test.autoconfigure.webservices.client.MockWebServiceServerTestExecutionListener@a74c940]
Hibernate: select customer0_.id as id1_0_, customer0_.name as name2_0_, customer0_.phone as phone3_0_ from customer customer0_
Hibernate: select count(customer0_.id) as col_0_0_ from customer customer0_

MockHttpServletRequest:
      HTTP Method = GET
      Request URI = /validate
       Parameters = {phoneNumberincorrectParamName=[+123.123456x4444]}
          Headers = []
             Body = null
    Session Attrs = {}

Handler:
             Type = pt.jumia.phonevalidator.controller.InternationalPhoneNumberValidatorController
           Method = pt.jumia.phonevalidator.controller.InternationalPhoneNumberValidatorController#getAll(Pageable)

Async:
    Async started = false
     Async result = null

Resolved Exception:
             Type = null

ModelAndView:
        View name = null
             View = null
            Model = null

FlashMap:
       Attributes = null

MockHttpServletResponse:
           Status = 200
    Error message = null
          Headers = [Content-Type:"application/json"]
     Content type = application/json
             Body = {"content":[{"id":0,"name":"Walid Hammadi","phone":"(212) 6007989253"},{"id":1,"name":"Yosaf Karrouch","phone":"(212) 698054317"},{"id":2,"name":"Younes Boutikyad","phone":"(212) 6546545369"},{"id":3,"name":"Houda Houda","phone":"(212) 6617344445"},{"id":4,"name":"Chouf Malo","phone":"(212) 691933626"},{"id":5,"name":"soufiane fritisse ","phone":"(212) 633963130"},{"id":6,"name":"Nada Sofie","phone":"(212) 654642448"},{"id":7,"name":"Edunildo Gomes Alberto ","phone":"(258) 847651504"},{"id":8,"name":"Walla's Singz Junior","phone":"(258) 846565883"},{"id":9,"name":"sevilton sylvestre","phone":"(258) 849181828"},{"id":10,"name":"Tanvi Sachdeva","phone":"(258) 84330678235"},{"id":11,"name":"Florencio Samuel","phone":"(258) 847602609"},{"id":12,"name":"Solo Dolo","phone":"(258) 042423566"},{"id":13,"name":"Pedro B 173","phone":"(258) 823747618"},{"id":14,"name":"Ezequiel Fenias","phone":"(258) 848826725"},{"id":15,"name":"JACKSON NELLY","phone":"(256) 775069443"},{"id":16,"name":"Kiwanuka Budallah","phone":"(256) 7503O6263"},{"id":17,"name":"VINEET SETH","phone":"(256) 704244430"},{"id":18,"name":"Jokkene Richard","phone":"(256) 7734127498"},{"id":19,"name":"Ogwal David","phone":"(256) 7771031454"}],"pageable":{"sort":{"sorted":false,"unsorted":true,"empty":true},"pageNumber":0,"pageSize":20,"offset":0,"paged":true,"unpaged":false},"last":false,"totalPages":3,"totalElements":41,"sort":{"sorted":false,"unsorted":true,"empty":true},"first":true,"number":0,"numberOfElements":20,"size":20,"empty":false}
    Forwarded URL = null
   Redirected URL = null
          Cookies = []
]]></system-out>
  </testcase>
  <testcase name="isProperlySentShouldReturnTrue" classname="pt.jumia.phonevalidator.controller.InternationalPhoneNumberValidatorControllerIntegrationTest$WhenValidNumber" time="0.01">
    <failure message="No value at JSON path &quot;$.valid&quot;" type="java.lang.AssertionError">java.lang.AssertionError: No value at JSON path "$.valid"
	at pt.jumia.phonevalidator.controller.InternationalPhoneNumberValidatorControllerIntegrationTest$WhenValidNumber.isProperlySentShouldReturnTrue(InternationalPhoneNumberValidatorControllerIntegrationTest.java:39)
Caused by: com.jayway.jsonpath.PathNotFoundException: No results for path: $['valid']
	at pt.jumia.phonevalidator.controller.InternationalPhoneNumberValidatorControllerIntegrationTest$WhenValidNumber.isProperlySentShouldReturnTrue(InternationalPhoneNumberValidatorControllerIntegrationTest.java:39)
</failure>
    <system-out><![CDATA[Hibernate: select customer0_.id as id1_0_, customer0_.name as name2_0_, customer0_.phone as phone3_0_ from customer customer0_
Hibernate: select count(customer0_.id) as col_0_0_ from customer customer0_

MockHttpServletRequest:
      HTTP Method = GET
      Request URI = /validate
       Parameters = {phoneNumber=[+123.123456x4444]}
          Headers = []
             Body = null
    Session Attrs = {}

Handler:
             Type = pt.jumia.phonevalidator.controller.InternationalPhoneNumberValidatorController
           Method = pt.jumia.phonevalidator.controller.InternationalPhoneNumberValidatorController#getAll(Pageable)

Async:
    Async started = false
     Async result = null

Resolved Exception:
             Type = null

ModelAndView:
        View name = null
             View = null
            Model = null

FlashMap:
       Attributes = null

MockHttpServletResponse:
           Status = 200
    Error message = null
          Headers = [Content-Type:"application/json"]
     Content type = application/json
             Body = {"content":[{"id":0,"name":"Walid Hammadi","phone":"(212) 6007989253"},{"id":1,"name":"Yosaf Karrouch","phone":"(212) 698054317"},{"id":2,"name":"Younes Boutikyad","phone":"(212) 6546545369"},{"id":3,"name":"Houda Houda","phone":"(212) 6617344445"},{"id":4,"name":"Chouf Malo","phone":"(212) 691933626"},{"id":5,"name":"soufiane fritisse ","phone":"(212) 633963130"},{"id":6,"name":"Nada Sofie","phone":"(212) 654642448"},{"id":7,"name":"Edunildo Gomes Alberto ","phone":"(258) 847651504"},{"id":8,"name":"Walla's Singz Junior","phone":"(258) 846565883"},{"id":9,"name":"sevilton sylvestre","phone":"(258) 849181828"},{"id":10,"name":"Tanvi Sachdeva","phone":"(258) 84330678235"},{"id":11,"name":"Florencio Samuel","phone":"(258) 847602609"},{"id":12,"name":"Solo Dolo","phone":"(258) 042423566"},{"id":13,"name":"Pedro B 173","phone":"(258) 823747618"},{"id":14,"name":"Ezequiel Fenias","phone":"(258) 848826725"},{"id":15,"name":"JACKSON NELLY","phone":"(256) 775069443"},{"id":16,"name":"Kiwanuka Budallah","phone":"(256) 7503O6263"},{"id":17,"name":"VINEET SETH","phone":"(256) 704244430"},{"id":18,"name":"Jokkene Richard","phone":"(256) 7734127498"},{"id":19,"name":"Ogwal David","phone":"(256) 7771031454"}],"pageable":{"sort":{"sorted":false,"unsorted":true,"empty":true},"pageNumber":0,"pageSize":20,"offset":0,"paged":true,"unpaged":false},"last":false,"totalPages":3,"totalElements":41,"sort":{"sorted":false,"unsorted":true,"empty":true},"first":true,"number":0,"numberOfElements":20,"size":20,"empty":false}
    Forwarded URL = null
   Redirected URL = null
          Cookies = []
]]></system-out>
  </testcase>
</testsuite>